<?xml version="1.0" encoding="UTF-8"?>
<!-- Generated by org.testng.reporters.JUnitXMLReporter -->
<testsuite ignored="0" hostname="PRO-LPT-A57" failures="0" tests="3" name="Test" time="38.889" errors="0" timestamp="2026-03-12T21:44:00 IST">
  <testcase classname="com.trinity.saucedemo.tests.SauceDemoShoppingTestCases" name="testProductSorting" time="13.782"/>
  <testcase classname="com.trinity.saucedemo.tests.SauceDemoShoppingTestCases" name="testPositiveShoppingFlow" time="20.12"/>
  <testcase classname="com.trinity.saucedemo.tests.SauceDemoShoppingTestCases" name="testSocialMediaRediection" time="30.774"/>
</testsuite> <!-- Test -->
