<?xml version="1.0" encoding="UTF-8"?>
<testsuite name="Gradle Test Executor 1" tests="1" skipped="0" failures="1" errors="0" timestamp="2026-03-08T16:50:13" hostname="PRO-LPT-A57" time="0.379">
  <properties/>
  <testcase name="failed to execute tests" classname="Gradle Test Executor 1" time="0.379">
    <failure message="org.gradle.api.internal.tasks.testing.TestSuiteExecutionException: Could not complete execution for Gradle Test Executor 1." type="org.gradle.api.internal.tasks.testing.TestSuiteExecutionException">org.gradle.api.internal.tasks.testing.TestSuiteExecutionException: Could not complete execution for Gradle Test Executor 1.
	at org.gradle.api.internal.tasks.testing.SuiteTestClassProcessor.stop(SuiteTestClassProcessor.java:65)
	at java.base@21.0.1/jdk.internal.reflect.DirectMethodHandleAccessor.invoke(DirectMethodHandleAccessor.java:103)
	at java.base@21.0.1/java.lang.reflect.Method.invoke(Method.java:580)
	at org.gradle.internal.dispatch.ReflectionDispatch.dispatch(ReflectionDispatch.java:36)
	at org.gradle.internal.dispatch.ReflectionDispatch.dispatch(ReflectionDispatch.java:24)
	at org.gradle.internal.dispatch.ContextClassLoaderDispatch.dispatch(ContextClassLoaderDispatch.java:33)
	at org.gradle.internal.dispatch.ProxyDispatchAdapter$DispatchingInvocationHandler.invoke(ProxyDispatchAdapter.java:92)
	at jdk.proxy1/jdk.proxy1.$Proxy4.stop(Unknown Source)
	at org.gradle.api.internal.tasks.testing.worker.TestWorker$3.run(TestWorker.java:200)
	at org.gradle.api.internal.tasks.testing.worker.TestWorker.executeAndMaintainThreadName(TestWorker.java:132)
	at org.gradle.api.internal.tasks.testing.worker.TestWorker.execute(TestWorker.java:103)
	at org.gradle.api.internal.tasks.testing.worker.TestWorker.execute(TestWorker.java:63)
	at org.gradle.process.internal.worker.child.ActionExecutionWorker.execute(ActionExecutionWorker.java:56)
	at org.gradle.process.internal.worker.child.SystemApplicationClassLoaderWorker.call(SystemApplicationClassLoaderWorker.java:121)
	at org.gradle.process.internal.worker.child.SystemApplicationClassLoaderWorker.call(SystemApplicationClassLoaderWorker.java:71)
	at app//worker.org.gradle.process.internal.worker.GradleWorkerMain.run(GradleWorkerMain.java:69)
	at app//worker.org.gradle.process.internal.worker.GradleWorkerMain.main(GradleWorkerMain.java:74)
Caused by: org.testng.TestNGException: 
Cannot instantiate class tests.ShoppingFlowTest
	at app//org.testng.internal.objects.InstanceCreator.newInstance(InstanceCreator.java:43)
	at app//org.testng.ITestObjectFactory.newInstance(ITestObjectFactory.java:18)
	at app//org.testng.internal.objects.SimpleObjectDispenser.instantiateUsingDefaultConstructor(SimpleObjectDispenser.java:179)
	at app//org.testng.internal.objects.SimpleObjectDispenser.createInstance(SimpleObjectDispenser.java:88)
	at app//org.testng.internal.objects.SimpleObjectDispenser.dispense(SimpleObjectDispenser.java:41)
	at app//org.testng.internal.objects.GuiceBasedObjectDispenser.dispenseObject(GuiceBasedObjectDispenser.java:41)
	at app//org.testng.internal.objects.GuiceBasedObjectDispenser.dispense(GuiceBasedObjectDispenser.java:31)
	at app//org.testng.internal.ClassImpl.getDefaultInstance(ClassImpl.java:107)
	at app//org.testng.internal.ClassImpl.getObjects(ClassImpl.java:140)
	at app//org.testng.internal.IObject.lambda$objects$0(IObject.java:58)
	at java.base@21.0.1/java.util.Optional.map(Optional.java:260)
	at app//org.testng.internal.IObject.objects(IObject.java:58)
	at app//org.testng.TestClass.getObjects(TestClass.java:150)
	at app//org.testng.TestClass.initTestClassesAndInstances(TestClass.java:126)
	at app//org.testng.TestClass.init(TestClass.java:118)
	at app//org.testng.TestClass.&lt;init&gt;(TestClass.java:83)
	at app//org.testng.TestRunner.initMethods(TestRunner.java:475)
	at app//org.testng.TestRunner.init(TestRunner.java:349)
	at app//org.testng.TestRunner.init(TestRunner.java:304)
	at app//org.testng.TestRunner.&lt;init&gt;(TestRunner.java:178)
	at app//org.testng.SuiteRunner$DefaultTestRunnerFactory.newTestRunner(SuiteRunner.java:636)
	at app//org.testng.SuiteRunner.&lt;init&gt;(SuiteRunner.java:197)
	at app//org.testng.TestNG.createSuiteRunner(TestNG.java:1365)
	at app//org.testng.TestNG.createSuiteRunners(TestNG.java:1339)
	at app//org.testng.TestNG.runSuitesLocally(TestNG.java:1199)
	at app//org.testng.TestNG.runSuites(TestNG.java:1112)
	at app//org.testng.TestNG.run(TestNG.java:1079)
	at org.gradle.api.internal.tasks.testing.testng.TestNGTestClassProcessor.runTests(TestNGTestClassProcessor.java:153)
	at org.gradle.api.internal.tasks.testing.testng.TestNGTestClassProcessor.stop(TestNGTestClassProcessor.java:95)
	at org.gradle.api.internal.tasks.testing.SuiteTestClassProcessor.stop(SuiteTestClassProcessor.java:63)
	... 16 more
Caused by: java.lang.reflect.InvocationTargetException
	at java.base/jdk.internal.reflect.DirectConstructorHandleAccessor.newInstance(DirectConstructorHandleAccessor.java:67)
	at java.base/java.lang.reflect.Constructor.newInstanceWithCaller(Constructor.java:502)
	at java.base/java.lang.reflect.Constructor.newInstance(Constructor.java:486)
	at org.testng.internal.objects.InstanceCreator.newInstance(InstanceCreator.java:40)
	... 45 more
Caused by: java.lang.ClassCastException: class ch.qos.logback.classic.Logger cannot be cast to class org.apache.logging.log4j.Logger (ch.qos.logback.classic.Logger and org.apache.logging.log4j.Logger are in unnamed module of loader 'app')
	at base.BaseTest.&lt;init&gt;(BaseTest.java:23)
	at tests.ShoppingFlowTest.&lt;init&gt;(ShoppingFlowTest.java:7)
	at java.base/jdk.internal.reflect.DirectConstructorHandleAccessor.newInstance(DirectConstructorHandleAccessor.java:62)
	... 48 more
</failure>
  </testcase>
  <system-out><![CDATA[22:20:13.312 [Test worker] DEBUG org.testng.TestNG -- suiteXmlPath: "D:\Trinity\saucedemo-automation\src\test\resources\testng.xml"
]]></system-out>
  <system-err><![CDATA[]]></system-err>
</testsuite>
