<?xml version="1.0" encoding="UTF-8"?>
<!-- Generated by org.testng.reporters.JUnitReportReporter -->
<testsuite hostname="PRO-LPT-A57" failures="0" tests="3" name="com.trinity.saucedemo.tests.SauceDemoShoppingTestCases" time="94.311" errors="0" timestamp="2026-03-12T21:44:02 IST" skipped="0">
  <testcase classname="com.trinity.saucedemo.tests.SauceDemoShoppingTestCases" name="testPositiveShoppingFlow" time="32.340"/>
  <testcase classname="com.trinity.saucedemo.tests.SauceDemoShoppingTestCases" name="testProductSorting" time="24.357"/>
  <testcase classname="com.trinity.saucedemo.tests.SauceDemoShoppingTestCases" name="testSocialMediaRediection" time="37.614"/>
</testsuite> <!-- com.trinity.saucedemo.tests.SauceDemoShoppingTestCases -->
